Loading data...
Preprocessing target...
Engineering features...
Splitting dataset...
Performing feature selection to ensure stable features...
Selected 15 features: ['AQI', 'PM10', 'PM2_5', 'NO2', 'SO2', 'O3', 'Temperature', 'Humidity', 'WindSpeed', 'RespiratoryCases', 'CardiovascularCases', 'HealthImpactScore', 'PollutionIndex', 'WeatherStress', 'PollutionHumidityInteraction']

--- Tuning Base Models ---

Training the stacked ensemble (OOF Blending)...

--- Training Base Models & Generating OOF Predictions ---
Generating OOF predictions for LogisticRegression...
  -> OOF ROC AUC for LogisticRegression: 0.9015
Fitting LogisticRegression on full training dataset...
Generating OOF predictions for RandomForest...
  -> OOF ROC AUC for RandomForest: 0.9179
Fitting RandomForest on full training dataset...
Generating OOF predictions for XGBoost...
  -> OOF ROC AUC for XGBoost: 0.9194
Fitting XGBoost on full training dataset...
Generating OOF predictions for LightGBM...
  -> OOF ROC AUC for LightGBM: 0.9189
Fitting LightGBM on full training dataset...
Generating OOF predictions for CatBoost...
  -> OOF ROC AUC for CatBoost: 0.9161
Fitting CatBoost on full training dataset...
Generating OOF predictions for MLP...
  -> OOF ROC AUC for MLP: 0.9048
Fitting MLP on full training dataset...

--- Training Logistic Regression Meta-Model on OOF Predictions ---

--- Final Blending Weights Derived from Validation Performance ---
LogisticRegression: 11.85%
RandomForest: 31.34%
XGBoost: 0.09%
LightGBM: 31.17%
CatBoost: 21.19%
MLP: 4.36%
Evaluating on test set...
Final optimized threshold (Sensitivity >= 0.8 is prioritized): 0.2525

--- Final Validation Report ---
Accuracy: 0.9295
Sensitivity: 0.8060
Specificity: 0.9553
ROC-AUC: 0.8882
PR-AUC: -0.6719

Generating SHAP explanations...

Top 5 Risk Factors (SHAP Global):
- HealthImpactScore (Importance score: 2.7435)
- NO2 (Importance score: 0.1995)
- CardiovascularCases (Importance score: 0.1868)
- AQI (Importance score: 0.1697)
- PM2_5 (Importance score: 0.1626)

Model serialization complete. Saved to app/ml_models/
